<!doctype html>
<html lang="en"><head><meta charSet="utf-8"/><meta http-equiv="X-UA-Compatible" content="IE=edge"/><meta name="viewport" content="width=device-width, initial-scale=1"/><title>Mochawesome Report</title><link rel="stylesheet" href="assets/app.css"/></head><body data-raw="{&quot;stats&quot;:{&quot;suites&quot;:4,&quot;tests&quot;:6,&quot;passes&quot;:2,&quot;pending&quot;:0,&quot;failures&quot;:3,&quot;start&quot;:&quot;2021-06-11T09:13:20.455Z&quot;,&quot;end&quot;:&quot;2021-06-11T09:13:20.455Z&quot;,&quot;duration&quot;:15027,&quot;testsRegistered&quot;:6,&quot;passPercent&quot;:33.333333333333336,&quot;pendingPercent&quot;:0,&quot;other&quot;:0,&quot;hasOther&quot;:false,&quot;skipped&quot;:1,&quot;hasSkipped&quot;:true},&quot;results&quot;:[{&quot;uuid&quot;:&quot;ae794848-7d72-455a-b91c-1567aa1a97b7&quot;,&quot;title&quot;:&quot;&quot;,&quot;fullFile&quot;:&quot;cypress/integration/test2.spec.js&quot;,&quot;file&quot;:&quot;cypress/integration/test2.spec.js&quot;,&quot;beforeHooks&quot;:[],&quot;afterHooks&quot;:[],&quot;tests&quot;:[],&quot;suites&quot;:[{&quot;uuid&quot;:&quot;742b07eb-f628-4848-9b8c-7ad022040fd1&quot;,&quot;title&quot;:&quot;Test 2&quot;,&quot;fullFile&quot;:&quot;cypress/integration/test2.spec.js&quot;,&quot;file&quot;:&quot;cypress/integration/test2.spec.js&quot;,&quot;beforeHooks&quot;:[],&quot;afterHooks&quot;:[],&quot;tests&quot;:[{&quot;title&quot;:&quot;todo exists&quot;,&quot;fullTitle&quot;:&quot;Test 2 todo exists&quot;,&quot;timedOut&quot;:null,&quot;duration&quot;:114,&quot;state&quot;:&quot;passed&quot;,&quot;speed&quot;:&quot;slow&quot;,&quot;pass&quot;:true,&quot;fail&quot;:false,&quot;pending&quot;:false,&quot;context&quot;:null,&quot;code&quot;:&quot;cy.visit(&#x27;site/index.html&#x27;);\ncy.get(&#x27;#todo-list&#x27;).should(&#x27;be.visible&#x27;);&quot;,&quot;err&quot;:{},&quot;uuid&quot;:&quot;46493b74-ce6e-4aef-8d66-bb1650b07dcd&quot;,&quot;parentUUID&quot;:&quot;742b07eb-f628-4848-9b8c-7ad022040fd1&quot;,&quot;isHook&quot;:false,&quot;skipped&quot;:false}],&quot;suites&quot;:[],&quot;passes&quot;:[&quot;46493b74-ce6e-4aef-8d66-bb1650b07dcd&quot;],&quot;failures&quot;:[],&quot;pending&quot;:[],&quot;skipped&quot;:[],&quot;duration&quot;:114,&quot;root&quot;:false,&quot;rootEmpty&quot;:false,&quot;_timeout&quot;:2000}],&quot;passes&quot;:[],&quot;failures&quot;:[],&quot;pending&quot;:[],&quot;skipped&quot;:[],&quot;duration&quot;:0,&quot;root&quot;:true,&quot;rootEmpty&quot;:true,&quot;_timeout&quot;:2000},{&quot;uuid&quot;:&quot;569bcec9-15f7-42ce-8443-371c95e5aa9b&quot;,&quot;title&quot;:&quot;&quot;,&quot;fullFile&quot;:&quot;cypress/integration/test3.spec.js&quot;,&quot;file&quot;:&quot;cypress/integration/test3.spec.js&quot;,&quot;beforeHooks&quot;:[],&quot;afterHooks&quot;:[],&quot;tests&quot;:[],&quot;suites&quot;:[{&quot;uuid&quot;:&quot;84ea1b38-e7e2-4119-be54-841516e78972&quot;,&quot;title&quot;:&quot;Test 3 - fail before hook&quot;,&quot;fullFile&quot;:&quot;cypress/integration/test3.spec.js&quot;,&quot;file&quot;:&quot;cypress/integration/test3.spec.js&quot;,&quot;beforeHooks&quot;:[],&quot;afterHooks&quot;:[],&quot;tests&quot;:[{&quot;title&quot;:&quot;before hook fail&quot;,&quot;fullTitle&quot;:&quot;Test 3 - fail before hook before hook fail&quot;,&quot;timedOut&quot;:null,&quot;duration&quot;:4462,&quot;state&quot;:&quot;failed&quot;,&quot;speed&quot;:null,&quot;pass&quot;:false,&quot;fail&quot;:true,&quot;pending&quot;:false,&quot;context&quot;:&quot;{\n  \&quot;title\&quot;: \&quot;Failed screenshot\&quot;,\n  \&quot;value\&quot;: \&quot;screenshots/test3.spec.js/Test 3 - fail before hook -- before hook fail -- before all hook (failed).png\&quot;\n}&quot;,&quot;code&quot;:&quot;cy.visit(&#x27;site/index.html&#x27;);&quot;,&quot;err&quot;:{&quot;message&quot;:&quot;AssertionError: Timed out retrying after 4000ms: Not enough elements found. Found &#x27;4&#x27;, expected &#x27;10&#x27;.\n\nBecause this error occurred during a `before all` hook we are skipping the remaining tests in the current suite: `Test 3 - fail before hook`&quot;,&quot;estack&quot;:&quot;AssertionError: Timed out retrying after 4000ms: Not enough elements found. Found &#x27;4&#x27;, expected &#x27;10&#x27;.\n\nBecause this error occurred during a `before all` hook we are skipping the remaining tests in the current suite: `Test 3 - fail before hook`\n    at Context.eval (http://localhost:51696/__cypress/tests?p=cypress/integration/test3.spec.js:102:29)&quot;,&quot;diff&quot;:&quot;- &#x27;4&#x27;\n+ &#x27;10&#x27;\n&quot;},&quot;uuid&quot;:&quot;ee1402db-4bef-49cf-80e0-61db814cbbc3&quot;,&quot;parentUUID&quot;:&quot;84ea1b38-e7e2-4119-be54-841516e78972&quot;,&quot;isHook&quot;:false,&quot;skipped&quot;:false}],&quot;suites&quot;:[],&quot;passes&quot;:[],&quot;failures&quot;:[&quot;ee1402db-4bef-49cf-80e0-61db814cbbc3&quot;],&quot;pending&quot;:[],&quot;skipped&quot;:[],&quot;duration&quot;:4462,&quot;root&quot;:false,&quot;rootEmpty&quot;:false,&quot;_timeout&quot;:2000}],&quot;passes&quot;:[],&quot;failures&quot;:[],&quot;pending&quot;:[],&quot;skipped&quot;:[],&quot;duration&quot;:0,&quot;root&quot;:true,&quot;rootEmpty&quot;:true,&quot;_timeout&quot;:2000},{&quot;uuid&quot;:&quot;a3b893f8-c879-418a-a395-8f0780b3399b&quot;,&quot;title&quot;:&quot;&quot;,&quot;fullFile&quot;:&quot;cypress/integration/test4.spec.js&quot;,&quot;file&quot;:&quot;cypress/integration/test4.spec.js&quot;,&quot;beforeHooks&quot;:[],&quot;afterHooks&quot;:[],&quot;tests&quot;:[],&quot;suites&quot;:[{&quot;uuid&quot;:&quot;fcbe684a-7dfc-46ef-a6fb-fda1ce79dfe7&quot;,&quot;title&quot;:&quot;Test 4 - fail beforeEach hook&quot;,&quot;fullFile&quot;:&quot;cypress/integration/test4.spec.js&quot;,&quot;file&quot;:&quot;cypress/integration/test4.spec.js&quot;,&quot;beforeHooks&quot;:[],&quot;afterHooks&quot;:[],&quot;tests&quot;:[{&quot;title&quot;:&quot;beforeEach hook fail 1&quot;,&quot;fullTitle&quot;:&quot;Test 4 - fail beforeEach hook beforeEach hook fail 1&quot;,&quot;timedOut&quot;:null,&quot;duration&quot;:4464,&quot;state&quot;:&quot;failed&quot;,&quot;speed&quot;:null,&quot;pass&quot;:false,&quot;fail&quot;:true,&quot;pending&quot;:false,&quot;context&quot;:&quot;{\n  \&quot;title\&quot;: \&quot;Failed screenshot\&quot;,\n  \&quot;value\&quot;: \&quot;screenshots/test4.spec.js/Test 4 - fail beforeEach hook -- beforeEach hook fail 1 -- before each hook (failed).png\&quot;\n}&quot;,&quot;code&quot;:&quot;cy.visit(&#x27;site/index.html&#x27;);&quot;,&quot;err&quot;:{&quot;message&quot;:&quot;AssertionError: Timed out retrying after 4000ms: Not enough elements found. Found &#x27;4&#x27;, expected &#x27;10&#x27;.\n\nBecause this error occurred during a `before each` hook we are skipping the remaining tests in the current suite: `Test 4 - fail beforeEach hook`&quot;,&quot;estack&quot;:&quot;AssertionError: Timed out retrying after 4000ms: Not enough elements found. Found &#x27;4&#x27;, expected &#x27;10&#x27;.\n\nBecause this error occurred during a `before each` hook we are skipping the remaining tests in the current suite: `Test 4 - fail beforeEach hook`\n    at Context.eval (http://localhost:51696/__cypress/tests?p=cypress/integration/test4.spec.js:102:29)&quot;,&quot;diff&quot;:&quot;- &#x27;4&#x27;\n+ &#x27;10&#x27;\n&quot;},&quot;uuid&quot;:&quot;c64ffe18-f406-49ba-996c-3345f15b6b78&quot;,&quot;parentUUID&quot;:&quot;fcbe684a-7dfc-46ef-a6fb-fda1ce79dfe7&quot;,&quot;isHook&quot;:false,&quot;skipped&quot;:false},{&quot;title&quot;:&quot;beforeEach hook fail 2&quot;,&quot;fullTitle&quot;:&quot;Test 4 - fail beforeEach hook beforeEach hook fail 2&quot;,&quot;timedOut&quot;:null,&quot;duration&quot;:0,&quot;state&quot;:&quot;skipped&quot;,&quot;speed&quot;:null,&quot;pass&quot;:false,&quot;fail&quot;:false,&quot;pending&quot;:false,&quot;context&quot;:null,&quot;code&quot;:&quot;cy.visit(&#x27;site/index.html&#x27;);&quot;,&quot;err&quot;:{},&quot;uuid&quot;:&quot;029c6f9a-68b1-4d53-853f-5b6c9d024c6a&quot;,&quot;parentUUID&quot;:&quot;fcbe684a-7dfc-46ef-a6fb-fda1ce79dfe7&quot;,&quot;isHook&quot;:false,&quot;skipped&quot;:true}],&quot;suites&quot;:[],&quot;passes&quot;:[],&quot;failures&quot;:[&quot;c64ffe18-f406-49ba-996c-3345f15b6b78&quot;],&quot;pending&quot;:[],&quot;skipped&quot;:[&quot;029c6f9a-68b1-4d53-853f-5b6c9d024c6a&quot;],&quot;duration&quot;:4464,&quot;root&quot;:false,&quot;rootEmpty&quot;:false,&quot;_timeout&quot;:2000}],&quot;passes&quot;:[],&quot;failures&quot;:[],&quot;pending&quot;:[],&quot;skipped&quot;:[],&quot;duration&quot;:0,&quot;root&quot;:true,&quot;rootEmpty&quot;:true,&quot;_timeout&quot;:2000},{&quot;uuid&quot;:&quot;8f57f999-ba35-4fec-a3df-cfebe69082d3&quot;,&quot;title&quot;:&quot;&quot;,&quot;fullFile&quot;:&quot;cypress/integration/sub-dir/test1.spec.js&quot;,&quot;file&quot;:&quot;cypress/integration/sub-dir/test1.spec.js&quot;,&quot;beforeHooks&quot;:[],&quot;afterHooks&quot;:[],&quot;tests&quot;:[],&quot;suites&quot;:[{&quot;uuid&quot;:&quot;38a6b73f-e7db-43e5-9868-86a1b73b3cc9&quot;,&quot;title&quot;:&quot;Test 1&quot;,&quot;fullFile&quot;:&quot;cypress/integration/sub-dir/test1.spec.js&quot;,&quot;file&quot;:&quot;cypress/integration/sub-dir/test1.spec.js&quot;,&quot;beforeHooks&quot;:[],&quot;afterHooks&quot;:[],&quot;tests&quot;:[{&quot;title&quot;:&quot;default todos exists&quot;,&quot;fullTitle&quot;:&quot;Test 1 default todos exists&quot;,&quot;timedOut&quot;:null,&quot;duration&quot;:679,&quot;state&quot;:&quot;passed&quot;,&quot;speed&quot;:&quot;slow&quot;,&quot;pass&quot;:true,&quot;fail&quot;:false,&quot;pending&quot;:false,&quot;context&quot;:&quot;{\n  \&quot;title\&quot;: \&quot;Screenshot\&quot;,\n  \&quot;value\&quot;: \&quot;screenshots/sub-dir/test1.spec.js/Test 1 -- default todos exists.png\&quot;\n}&quot;,&quot;code&quot;:&quot;cy.visit(&#x27;site/index.html&#x27;);\ncy.get(&#x27;#todo-list li&#x27;).should(&#x27;have.length&#x27;, 4);\ncy.screenshot();&quot;,&quot;err&quot;:{},&quot;uuid&quot;:&quot;725941c5-7bb2-43f0-b6a8-0ee1a1e794c3&quot;,&quot;parentUUID&quot;:&quot;38a6b73f-e7db-43e5-9868-86a1b73b3cc9&quot;,&quot;isHook&quot;:false,&quot;skipped&quot;:false},{&quot;title&quot;:&quot;fail test&quot;,&quot;fullTitle&quot;:&quot;Test 1 fail test&quot;,&quot;timedOut&quot;:null,&quot;duration&quot;:5308,&quot;state&quot;:&quot;failed&quot;,&quot;speed&quot;:null,&quot;pass&quot;:false,&quot;fail&quot;:true,&quot;pending&quot;:false,&quot;context&quot;:&quot;[\n  {\n    \&quot;title\&quot;: \&quot;Screenshot\&quot;,\n    \&quot;value\&quot;: \&quot;screenshots/sub-dir/test1.spec.js/custom-name.png\&quot;\n  },\n  {\n    \&quot;title\&quot;: \&quot;Failed screenshot\&quot;,\n    \&quot;value\&quot;: \&quot;screenshots/sub-dir/test1.spec.js/Test 1 -- fail test (failed).png\&quot;\n  }\n]&quot;,&quot;code&quot;:&quot;cy.visit(&#x27;site/index.html&#x27;);\ncy.screenshot(&#x27;custom-name&#x27;);\ncy.get(&#x27;#todo-list li&#x27;).should(&#x27;have.length&#x27;, 10);&quot;,&quot;err&quot;:{&quot;message&quot;:&quot;AssertionError: Timed out retrying after 4000ms: Not enough elements found. Found &#x27;4&#x27;, expected &#x27;10&#x27;.&quot;,&quot;estack&quot;:&quot;AssertionError: Timed out retrying after 4000ms: Not enough elements found. Found &#x27;4&#x27;, expected &#x27;10&#x27;.\n    at Context.eval (http://localhost:51696/__cypress/tests?p=cypress/integration/sub-dir/test1.spec.js:108:29)&quot;,&quot;diff&quot;:&quot;- 4\n+ 10\n&quot;},&quot;uuid&quot;:&quot;88222f88-b8d3-4dc4-b8d6-0e184f4d1674&quot;,&quot;parentUUID&quot;:&quot;38a6b73f-e7db-43e5-9868-86a1b73b3cc9&quot;,&quot;isHook&quot;:false,&quot;skipped&quot;:false}],&quot;suites&quot;:[],&quot;passes&quot;:[&quot;725941c5-7bb2-43f0-b6a8-0ee1a1e794c3&quot;],&quot;failures&quot;:[&quot;88222f88-b8d3-4dc4-b8d6-0e184f4d1674&quot;],&quot;pending&quot;:[],&quot;skipped&quot;:[],&quot;duration&quot;:5987,&quot;root&quot;:false,&quot;rootEmpty&quot;:false,&quot;_timeout&quot;:2000}],&quot;passes&quot;:[],&quot;failures&quot;:[],&quot;pending&quot;:[],&quot;skipped&quot;:[],&quot;duration&quot;:0,&quot;root&quot;:true,&quot;rootEmpty&quot;:true,&quot;_timeout&quot;:2000}],&quot;meta&quot;:{&quot;mocha&quot;:{&quot;version&quot;:&quot;7.0.1&quot;},&quot;mochawesome&quot;:{&quot;options&quot;:{&quot;quiet&quot;:false,&quot;reportFilename&quot;:&quot;mochawesome&quot;,&quot;saveHtml&quot;:false,&quot;saveJson&quot;:true,&quot;consoleReporter&quot;:&quot;spec&quot;,&quot;useInlineDiffs&quot;:false,&quot;code&quot;:true},&quot;version&quot;:&quot;6.1.0&quot;},&quot;marge&quot;:{&quot;options&quot;:{&quot;reportDir&quot;:&quot;test-report/.jsons&quot;,&quot;charts&quot;:true,&quot;overwrite&quot;:false,&quot;html&quot;:false,&quot;json&quot;:true},&quot;version&quot;:&quot;5.1.0&quot;}}}" data-config="{&quot;reportFilename&quot;:&quot;index.html&quot;,&quot;reportDir&quot;:&quot;test-report&quot;,&quot;reportTitle&quot;:&quot;mochawesome-flags&quot;,&quot;reportPageTitle&quot;:&quot;Mochawesome Report&quot;,&quot;inline&quot;:false,&quot;inlineAssets&quot;:false,&quot;cdn&quot;:false,&quot;charts&quot;:true,&quot;enableCharts&quot;:true,&quot;code&quot;:true,&quot;enableCode&quot;:true,&quot;autoOpen&quot;:false,&quot;overwrite&quot;:true,&quot;timestamp&quot;:false,&quot;ts&quot;:false,&quot;showPassed&quot;:true,&quot;showFailed&quot;:true,&quot;showPending&quot;:true,&quot;showSkipped&quot;:false,&quot;showHooks&quot;:&quot;failed&quot;,&quot;saveJson&quot;:false,&quot;saveHtml&quot;:true,&quot;dev&quot;:false,&quot;assetsDir&quot;:&quot;test-report/assets&quot;,&quot;htmlFile&quot;:&quot;/Users/ermanl2/Documents/projects/cypress-mochawesome-reporter/examples/mochawesome-flags/test-report/index.html&quot;}"><div id="report"></div><script src="assets/app.js"></script></body></html>